<?xml version="1.0" encoding="utf-8"?><testsuites name="pytest tests"><testsuite name="pytest" errors="0" failures="0" skipped="0" tests="23" time="7.986" timestamp="2026-04-27T17:49:49.281229+00:00" hostname="agent-env-4f2595f3-bf49-4ddc-8b3e-d9a139e1d6e6"><testcase classname="backend.tests.backend_test.TestDestinations" name="test_list" time="0.271" /><testcase classname="backend.tests.backend_test.TestDestinations" name="test_detail_jaipur" time="0.056" /><testcase classname="backend.tests.backend_test.TestDestinations" name="test_detail_404" time="0.051" /><testcase classname="backend.tests.backend_test.TestWeather" name="test_weather_jaipur" time="0.562" /><testcase classname="backend.tests.backend_test.TestSearch" name="test_flights_sorted" time="0.054" /><testcase classname="backend.tests.backend_test.TestSearch" name="test_trains" time="0.053" /><testcase classname="backend.tests.backend_test.TestSearch" name="test_buses" time="0.051" /><testcase classname="backend.tests.backend_test.TestSearch" name="test_hotels" time="0.052" /><testcase classname="backend.tests.backend_test.TestBookings" name="test_get_booking" time="0.112" /><testcase classname="backend.tests.backend_test.TestBookings" name="test_get_booking_invalid" time="0.052" /><testcase classname="backend.tests.backend_test.TestPayments" name="test_checkout_creates_stripe_session" time="0.567" /><testcase classname="backend.tests.backend_test.TestPayments" name="test_payment_status" time="0.243" /><testcase classname="backend.tests.backend_test.TestPayments" name="test_payment_status_updates_booking" time="0.293" /><testcase classname="backend.tests.backend_test.TestPayments" name="test_checkout_invalid_booking" time="0.052" /><testcase classname="backend.tests.backend_test.TestDestinationImages" name="test_each_destination_has_4_places_with_images[jaipur]" time="0.054" /><testcase classname="backend.tests.backend_test.TestDestinationImages" name="test_each_destination_has_4_places_with_images[kerala]" time="0.049" /><testcase classname="backend.tests.backend_test.TestDestinationImages" name="test_each_destination_has_4_places_with_images[manali]" time="0.050" /><testcase classname="backend.tests.backend_test.TestDestinationImages" name="test_each_destination_has_4_places_with_images[goa]" time="0.052" /><testcase classname="backend.tests.backend_test.TestDestinationImages" name="test_each_destination_has_4_places_with_images[ladakh]" time="0.055" /><testcase classname="backend.tests.backend_test.TestDestinationImages" name="test_each_destination_has_4_places_with_images[udaipur]" time="0.055" /><testcase classname="backend.tests.backend_test.TestDestinationImages" name="test_each_destination_has_4_places_with_images[varanasi]" time="0.048" /><testcase classname="backend.tests.backend_test.TestDestinationImages" name="test_each_destination_has_4_places_with_images[darjeeling]" time="0.055" /><testcase classname="backend.tests.backend_test.TestDestinationImages" name="test_all_image_urls_load" time="4.958" /></testsuite></testsuites>