<?xml version="1.0" encoding="utf-8"?><testsuites name="pytest tests"><testsuite name="pytest" errors="0" failures="1" skipped="0" tests="13" time="2.506" timestamp="2026-04-24T12:41:03.683237+00:00" hostname="agent-env-4f2595f3-bf49-4ddc-8b3e-d9a139e1d6e6"><testcase classname="backend.tests.backend_test.TestDestinations" name="test_list" time="0.260" /><testcase classname="backend.tests.backend_test.TestDestinations" name="test_detail_jaipur" time="0.101" /><testcase classname="backend.tests.backend_test.TestDestinations" name="test_detail_404" time="0.050" /><testcase classname="backend.tests.backend_test.TestWeather" name="test_weather_jaipur" time="0.572" /><testcase classname="backend.tests.backend_test.TestSearch" name="test_flights_sorted" time="0.060" /><testcase classname="backend.tests.backend_test.TestSearch" name="test_trains" time="0.050" /><testcase classname="backend.tests.backend_test.TestSearch" name="test_buses" time="0.051" /><testcase classname="backend.tests.backend_test.TestSearch" name="test_hotels" time="0.052" /><testcase classname="backend.tests.backend_test.TestBookings" name="test_get_booking" time="0.117" /><testcase classname="backend.tests.backend_test.TestBookings" name="test_get_booking_invalid" time="0.049" /><testcase classname="backend.tests.backend_test.TestPayments" name="test_checkout_creates_stripe_session" time="0.606" /><testcase classname="backend.tests.backend_test.TestPayments" name="test_payment_status" time="0.279"><failure message="assert 500 == 200&#10; +  where 500 = &lt;Response [500]&gt;.status_code">backend/tests/backend_test.py:149: in test_payment_status
    assert r.status_code == 200
E   assert 500 == 200
E    +  where 500 = &lt;Response [500]&gt;.status_code</failure></testcase><testcase classname="backend.tests.backend_test.TestPayments" name="test_checkout_invalid_booking" time="0.093" /></testsuite></testsuites>